# JRE version: Java(TM) SE Runtime Environment (8.0_121-b13) (build 1.8.0_121-b13)
# Java VM: Java HotSpot(TM) 64-Bit Server VM (25.121-b13 mixed mode windows-amd64 compressed oops)
Heap:
 PSYoungGen      total 147456K, used 124400K [0x000000076db80000, 0x0000000778900000, 0x00000007c0000000)
  eden space 129024K, 94% used [0x000000076db80000,0x000000077520ab28,0x0000000775980000)
  from space 18432K, 16% used [0x0000000776c00000,0x0000000776ef17f0,0x0000000777e00000)
  to   space 18944K, 0% used [0x0000000775980000,0x0000000775980000,0x0000000776c00000)
 ParOldGen       total 112128K, used 21419K [0x00000006c9200000, 0x00000006cff80000, 0x000000076db80000)
  object space 112128K, 19% used [0x00000006c9200000,0x00000006ca6eac78,0x00000006cff80000)
 Metaspace       used 27500K, capacity 28556K, committed 28672K, reserved 1075200K
  class space    used 3328K, capacity 3552K, committed 3584K, reserved 1048576K
GC Heap History (10 events):
Event: 10.524 GC heap before
{Heap before GC invocations=7 (full 0):
 PSYoungGen      total 77312K, used 21767K [0x000000076db80000, 0x0000000773a00000, 0x00000007c0000000)
  eden space 60928K, 13% used [0x000000076db80000,0x000000076e343808,0x0000000771700000)
  from space 16384K, 84% used [0x0000000772a00000,0x000000077377e5a8,0x0000000773a00000)
  to   space 17920K, 0% used [0x0000000771700000,0x0000000771700000,0x0000000772880000)
 ParOldGen       total 169472K, used 11951K [0x00000006c9200000, 0x00000006d3780000, 0x000000076db80000)
  object space 169472K, 7% used [0x00000006c9200000,0x00000006c9dabda0,0x00000006d3780000)
 Metaspace       used 20532K, capacity 21204K, committed 21296K, reserved 1069056K
  class space    used 2499K, capacity 2668K, committed 2688K, reserved 1048576K
Event: 10.534 GC heap after
Heap after GC invocations=7 (full 0):
 PSYoungGen      total 78848K, used 8449K [0x000000076db80000, 0x0000000777580000, 0x00000007c0000000)
  eden space 60928K, 0% used [0x000000076db80000,0x000000076db80000,0x0000000771700000)
  from space 17920K, 47% used [0x0000000771700000,0x0000000771f40438,0x0000000772880000)
  to   space 17920K, 0% used [0x0000000776400000,0x0000000776400000,0x0000000777580000)
 ParOldGen       total 169472K, used 16993K [0x00000006c9200000, 0x00000006d3780000, 0x000000076db80000)
  object space 169472K, 10% used [0x00000006c9200000,0x00000006ca298670,0x00000006d3780000)
 Metaspace       used 20532K, capacity 21204K, committed 21296K, reserved 1069056K
  class space    used 2499K, capacity 2668K, committed 2688K, reserved 1048576K
}
Event: 10.534 GC heap before
{Heap before GC invocations=8 (full 1):
 PSYoungGen      total 78848K, used 8449K [0x000000076db80000, 0x0000000777580000, 0x00000007c0000000)
  eden space 60928K, 0% used [0x000000076db80000,0x000000076db80000,0x0000000771700000)
  from space 17920K, 47% used [0x0000000771700000,0x0000000771f40438,0x0000000772880000)
  to   space 17920K, 0% used [0x0000000776400000,0x0000000776400000,0x0000000777580000)
 ParOldGen       total 169472K, used 16993K [0x00000006c9200000, 0x00000006d3780000, 0x000000076db80000)
  object space 169472K, 10% used [0x00000006c9200000,0x00000006ca298670,0x00000006d3780000)
 Metaspace       used 20532K, capacity 21204K, committed 21296K, reserved 1069056K
  class space    used 2499K, capacity 2668K, committed 2688K, reserved 1048576K
Event: 10.602 GC heap after
Heap after GC invocations=8 (full 1):
 PSYoungGen      total 78848K, used 0K [0x000000076db80000, 0x0000000777580000, 0x00000007c0000000)
  eden space 60928K, 0% used [0x000000076db80000,0x000000076db80000,0x0000000771700000)
  from space 17920K, 0% used [0x0000000771700000,0x0000000771700000,0x0000000772880000)
  to   space 17920K, 0% used [0x0000000776400000,0x0000000776400000,0x0000000777580000)
 ParOldGen       total 112128K, used 17531K [0x00000006c9200000, 0x00000006cff80000, 0x000000076db80000)
  object space 112128K, 15% used [0x00000006c9200000,0x00000006ca31ec78,0x00000006cff80000)
 Metaspace       used 20532K, capacity 21204K, committed 21296K, reserved 1069056K
  class space    used 2499K, capacity 2668K, committed 2688K, reserved 1048576K
}
Event: 12.086 GC heap before
{Heap before GC invocations=9 (full 1):
 PSYoungGen      total 78848K, used 60928K [0x000000076db80000, 0x0000000777580000, 0x00000007c0000000)
  eden space 60928K, 100% used [0x000000076db80000,0x0000000771700000,0x0000000771700000)
  from space 17920K, 0% used [0x0000000771700000,0x0000000771700000,0x0000000772880000)
  to   space 17920K, 0% used [0x0000000776400000,0x0000000776400000,0x0000000777580000)
 ParOldGen       total 112128K, used 17531K [0x00000006c9200000, 0x00000006cff80000, 0x000000076db80000)
  object space 112128K, 15% used [0x00000006c9200000,0x00000006ca31ec78,0x00000006cff80000)
 Metaspace       used 20608K, capacity 21268K, committed 21552K, reserved 1069056K
  class space    used 2500K, capacity 2668K, committed 2688K, reserved 1048576K
Event: 12.090 GC heap after
Heap after GC invocations=9 (full 1):
 PSYoungGen      total 101888K, used 4464K [0x000000076db80000, 0x0000000776880000, 0x00000007c0000000)
  eden space 97280K, 0% used [0x000000076db80000,0x000000076db80000,0x0000000773a80000)
  from space 4608K, 96% used [0x0000000776400000,0x000000077685c010,0x0000000776880000)
  to   space 18944K, 0% used [0x0000000774380000,0x0000000774380000,0x0000000775600000)
 ParOldGen       total 112128K, used 17539K [0x00000006c9200000, 0x00000006cff80000, 0x000000076db80000)
  object space 112128K, 15% used [0x00000006c9200000,0x00000006ca320c78,0x00000006cff80000)
 Metaspace       used 20608K, capacity 21268K, committed 21552K, reserved 1069056K
  class space    used 2500K, capacity 2668K, committed 2688K, reserved 1048576K
}
Event: 14.280 GC heap before
{Heap before GC invocations=10 (full 1):
 PSYoungGen      total 101888K, used 101744K [0x000000076db80000, 0x0000000776880000, 0x00000007c0000000)
  eden space 97280K, 100% used [0x000000076db80000,0x0000000773a80000,0x0000000773a80000)
  from space 4608K, 96% used [0x0000000776400000,0x000000077685c010,0x0000000776880000)
  to   space 18944K, 0% used [0x0000000774380000,0x0000000774380000,0x0000000775600000)
 ParOldGen       total 112128K, used 17539K [0x00000006c9200000, 0x00000006cff80000, 0x000000076db80000)
  object space 112128K, 15% used [0x00000006c9200000,0x00000006ca320c78,0x00000006cff80000)
 Metaspace       used 20876K, capacity 21642K, committed 21936K, reserved 1069056K
  class space    used 2532K, capacity 2695K, committed 2816K, reserved 1048576K
Event: 14.287 GC heap after
Heap after GC invocations=10 (full 1):
 PSYoungGen      total 125440K, used 9376K [0x000000076db80000, 0x0000000777e00000, 0x00000007c0000000)
  eden space 106496K, 0% used [0x000000076db80000,0x000000076db80000,0x0000000774380000)
  from space 18944K, 49% used [0x0000000774380000,0x0000000774ca8000,0x0000000775600000)
  to   space 18432K, 0% used [0x0000000776c00000,0x0000000776c00000,0x0000000777e00000)
 ParOldGen       total 112128K, used 17547K [0x00000006c9200000, 0x00000006cff80000, 0x000000076db80000)
  object space 112128K, 15% used [0x00000006c9200000,0x00000006ca322c78,0x00000006cff80000)
 Metaspace       used 20876K, capacity 21642K, committed 21936K, reserved 1069056K
  class space    used 2532K, capacity 2695K, committed 2816K, reserved 1048576K
}
Event: 15.974 GC heap before
{Heap before GC invocations=11 (full 1):
 PSYoungGen      total 125440K, used 115872K [0x000000076db80000, 0x0000000777e00000, 0x00000007c0000000)
  eden space 106496K, 100% used [0x000000076db80000,0x0000000774380000,0x0000000774380000)
  from space 18944K, 49% used [0x0000000774380000,0x0000000774ca8000,0x0000000775600000)
  to   space 18432K, 0% used [0x0000000776c00000,0x0000000776c00000,0x0000000777e00000)
 ParOldGen       total 112128K, used 17547K [0x00000006c9200000, 0x00000006cff80000, 0x000000076db80000)
  object space 112128K, 15% used [0x00000006c9200000,0x00000006ca322c78,0x00000006cff80000)
 Metaspace       used 21192K, capacity 21988K, committed 22192K, reserved 1069056K
  class space    used 2550K, capacity 2736K, committed 2816K, reserved 1048576K
Event: 15.979 GC heap after
Heap after GC invocations=11 (full 1):
 PSYoungGen      total 147456K, used 3013K [0x000000076db80000, 0x0000000778900000, 0x00000007c0000000)
  eden space 129024K, 0% used [0x000000076db80000,0x000000076db80000,0x0000000775980000)
  from space 18432K, 16% used [0x0000000776c00000,0x0000000776ef17f0,0x0000000777e00000)
  to   space 18944K, 0% used [0x0000000775980000,0x0000000775980000,0x0000000776c00000)
 ParOldGen       total 112128K, used 21419K [0x00000006c9200000, 0x00000006cff80000, 0x000000076db80000)
  object space 112128K, 19% used [0x00000006c9200000,0x00000006ca6eac78,0x00000006cff80000)
 Metaspace       used 21192K, capacity 21988K, committed 22192K, reserved 1069056K
  class space    used 2550K, capacity 2736K, committed 2816K, reserved 1048576K
}

