# JRE version: Java(TM) SE Runtime Environment (8.0_121-b13) (build 1.8.0_121-b13)
# Java VM: Java HotSpot(TM) 64-Bit Server VM (25.121-b13 mixed mode windows-amd64 compressed oops)
Heap:
 PSYoungGen      total 76288K, used 45438K [0x000000076db80000, 0x0000000774800000, 0x00000007c0000000)
  eden space 58880K, 69% used [0x000000076db80000,0x000000077039fa38,0x0000000771500000)
  from space 17408K, 25% used [0x0000000771500000,0x0000000771940000,0x0000000772600000)
  to   space 17920K, 0% used [0x0000000773680000,0x0000000773680000,0x0000000774800000)
 ParOldGen       total 125440K, used 22018K [0x00000006c9200000, 0x00000006d0c80000, 0x000000076db80000)
  object space 125440K, 17% used [0x00000006c9200000,0x00000006ca780b30,0x00000006d0c80000)
 Metaspace       used 20642K, capacity 21356K, committed 21552K, reserved 1069056K
  class space    used 2491K, capacity 2672K, committed 2688K, reserved 1048576K
GC Heap History (10 events):
Event: 8.358 GC heap before
{Heap before GC invocations=6 (full 0):
 PSYoungGen      total 72704K, used 72672K [0x000000076db80000, 0x0000000773b80000, 0x00000007c0000000)
  eden space 62464K, 100% used [0x000000076db80000,0x0000000771880000,0x0000000771880000)
  from space 10240K, 99% used [0x0000000771a00000,0x00000007723f8040,0x0000000772400000)
  to   space 17920K, 0% used [0x0000000772a00000,0x0000000772a00000,0x0000000773b80000)
 ParOldGen       total 169472K, used 11996K [0x00000006c9200000, 0x00000006d3780000, 0x000000076db80000)
  object space 169472K, 7% used [0x00000006c9200000,0x00000006c9db71b0,0x00000006d3780000)
 Metaspace       used 17375K, capacity 17734K, committed 17920K, reserved 1064960K
  class space    used 2073K, capacity 2193K, committed 2304K, reserved 1048576K
Event: 8.369 GC heap after
Heap after GC invocations=6 (full 0):
 PSYoungGen      total 77312K, used 13808K [0x000000076db80000, 0x0000000773a00000, 0x00000007c0000000)
  eden space 60928K, 0% used [0x000000076db80000,0x000000076db80000,0x0000000771700000)
  from space 16384K, 84% used [0x0000000772a00000,0x000000077377c030,0x0000000773a00000)
  to   space 17920K, 0% used [0x0000000771700000,0x0000000771700000,0x0000000772880000)
 ParOldGen       total 169472K, used 12004K [0x00000006c9200000, 0x00000006d3780000, 0x000000076db80000)
  object space 169472K, 7% used [0x00000006c9200000,0x00000006c9db91b0,0x00000006d3780000)
 Metaspace       used 17375K, capacity 17734K, committed 17920K, reserved 1064960K
  class space    used 2073K, capacity 2193K, committed 2304K, reserved 1048576K
}
Event: 11.133 GC heap before
{Heap before GC invocations=7 (full 0):
 PSYoungGen      total 77312K, used 74736K [0x000000076db80000, 0x0000000773a00000, 0x00000007c0000000)
  eden space 60928K, 100% used [0x000000076db80000,0x0000000771700000,0x0000000771700000)
  from space 16384K, 84% used [0x0000000772a00000,0x000000077377c030,0x0000000773a00000)
  to   space 17920K, 0% used [0x0000000771700000,0x0000000771700000,0x0000000772880000)
 ParOldGen       total 169472K, used 12004K [0x00000006c9200000, 0x00000006d3780000, 0x000000076db80000)
  object space 169472K, 7% used [0x00000006c9200000,0x00000006c9db91b0,0x00000006d3780000)
 Metaspace       used 17467K, capacity 17798K, committed 18176K, reserved 1064960K
  class space    used 2073K, capacity 2193K, committed 2304K, reserved 1048576K
Event: 11.145 GC heap after
Heap after GC invocations=7 (full 0):
 PSYoungGen      total 71680K, used 11296K [0x000000076db80000, 0x0000000773800000, 0x00000007c0000000)
  eden space 59904K, 0% used [0x000000076db80000,0x000000076db80000,0x0000000771600000)
  from space 11776K, 95% used [0x0000000771700000,0x0000000772208000,0x0000000772280000)
  to   space 17408K, 0% used [0x0000000772700000,0x0000000772700000,0x0000000773800000)
 ParOldGen       total 169472K, used 17038K [0x00000006c9200000, 0x00000006d3780000, 0x000000076db80000)
  object space 169472K, 10% used [0x00000006c9200000,0x00000006ca2a3a80,0x00000006d3780000)
 Metaspace       used 17467K, capacity 17798K, committed 18176K, reserved 1064960K
  class space    used 2073K, capacity 2193K, committed 2304K, reserved 1048576K
}
Event: 12.657 GC heap before
{Heap before GC invocations=8 (full 0):
 PSYoungGen      total 71680K, used 34262K [0x000000076db80000, 0x0000000773800000, 0x00000007c0000000)
  eden space 59904K, 38% used [0x000000076db80000,0x000000076f1edb88,0x0000000771600000)
  from space 11776K, 95% used [0x0000000771700000,0x0000000772208000,0x0000000772280000)
  to   space 17408K, 0% used [0x0000000772700000,0x0000000772700000,0x0000000773800000)
 ParOldGen       total 169472K, used 17038K [0x00000006c9200000, 0x00000006d3780000, 0x000000076db80000)
  object space 169472K, 10% used [0x00000006c9200000,0x00000006ca2a3a80,0x00000006d3780000)
 Metaspace       used 20569K, capacity 21204K, committed 21296K, reserved 1069056K
  class space    used 2488K, capacity 2668K, committed 2688K, reserved 1048576K
Event: 12.665 GC heap after
Heap after GC invocations=8 (full 0):
 PSYoungGen      total 75264K, used 10485K [0x000000076db80000, 0x0000000773700000, 0x00000007c0000000)
  eden space 58880K, 0% used [0x000000076db80000,0x000000076db80000,0x0000000771500000)
  from space 16384K, 64% used [0x0000000772700000,0x000000077313d7c0,0x0000000773700000)
  to   space 17408K, 0% used [0x0000000771500000,0x0000000771500000,0x0000000772600000)
 ParOldGen       total 169472K, used 19598K [0x00000006c9200000, 0x00000006d3780000, 0x000000076db80000)
  object space 169472K, 11% used [0x00000006c9200000,0x00000006ca523a80,0x00000006d3780000)
 Metaspace       used 20569K, capacity 21204K, committed 21296K, reserved 1069056K
  class space    used 2488K, capacity 2668K, committed 2688K, reserved 1048576K
}
Event: 12.665 GC heap before
{Heap before GC invocations=9 (full 1):
 PSYoungGen      total 75264K, used 10485K [0x000000076db80000, 0x0000000773700000, 0x00000007c0000000)
  eden space 58880K, 0% used [0x000000076db80000,0x000000076db80000,0x0000000771500000)
  from space 16384K, 64% used [0x0000000772700000,0x000000077313d7c0,0x0000000773700000)
  to   space 17408K, 0% used [0x0000000771500000,0x0000000771500000,0x0000000772600000)
 ParOldGen       total 169472K, used 19598K [0x00000006c9200000, 0x00000006d3780000, 0x000000076db80000)
  object space 169472K, 11% used [0x00000006c9200000,0x00000006ca523a80,0x00000006d3780000)
 Metaspace       used 20569K, capacity 21204K, committed 21296K, reserved 1069056K
  class space    used 2488K, capacity 2668K, committed 2688K, reserved 1048576K
Event: 12.751 GC heap after
Heap after GC invocations=9 (full 1):
 PSYoungGen      total 75264K, used 0K [0x000000076db80000, 0x0000000773700000, 0x00000007c0000000)
  eden space 58880K, 0% used [0x000000076db80000,0x000000076db80000,0x0000000771500000)
  from space 16384K, 0% used [0x0000000772700000,0x0000000772700000,0x0000000773700000)
  to   space 17408K, 0% used [0x0000000771500000,0x0000000771500000,0x0000000772600000)
 ParOldGen       total 125440K, used 22010K [0x00000006c9200000, 0x00000006d0c80000, 0x000000076db80000)
  object space 125440K, 17% used [0x00000006c9200000,0x00000006ca77eb30,0x00000006d0c80000)
 Metaspace       used 20569K, capacity 21204K, committed 21296K, reserved 1069056K
  class space    used 2488K, capacity 2668K, committed 2688K, reserved 1048576K
}
Event: 14.182 GC heap before
{Heap before GC invocations=10 (full 1):
 PSYoungGen      total 75264K, used 58880K [0x000000076db80000, 0x0000000773700000, 0x00000007c0000000)
  eden space 58880K, 100% used [0x000000076db80000,0x0000000771500000,0x0000000771500000)
  from space 16384K, 0% used [0x0000000772700000,0x0000000772700000,0x0000000773700000)
  to   space 17408K, 0% used [0x0000000771500000,0x0000000771500000,0x0000000772600000)
 ParOldGen       total 125440K, used 22010K [0x00000006c9200000, 0x00000006d0c80000, 0x000000076db80000)
  object space 125440K, 17% used [0x00000006c9200000,0x00000006ca77eb30,0x00000006d0c80000)
 Metaspace       used 20617K, capacity 21344K, committed 21552K, reserved 1069056K
  class space    used 2490K, capacity 2670K, committed 2688K, reserved 1048576K
Event: 14.185 GC heap after
Heap after GC invocations=10 (full 1):
 PSYoungGen      total 76288K, used 4352K [0x000000076db80000, 0x0000000774800000, 0x00000007c0000000)
  eden space 58880K, 0% used [0x000000076db80000,0x000000076db80000,0x0000000771500000)
  from space 17408K, 25% used [0x0000000771500000,0x0000000771940000,0x0000000772600000)
  to   space 17920K, 0% used [0x0000000773680000,0x0000000773680000,0x0000000774800000)
 ParOldGen       total 125440K, used 22018K [0x00000006c9200000, 0x00000006d0c80000, 0x000000076db80000)
  object space 125440K, 17% used [0x00000006c9200000,0x00000006ca780b30,0x00000006d0c80000)
 Metaspace       used 20617K, capacity 21344K, committed 21552K, reserved 1069056K
  class space    used 2490K, capacity 2670K, committed 2688K, reserved 1048576K
}

