# JRE version: Java(TM) SE Runtime Environment (8.0_121-b13) (build 1.8.0_121-b13)
# Java VM: Java HotSpot(TM) 64-Bit Server VM (25.121-b13 mixed mode windows-amd64 compressed oops)
Heap:
 PSYoungGen      total 72704K, used 62399K [0x000000076db80000, 0x0000000773b80000, 0x00000007c0000000)
  eden space 62464K, 83% used [0x000000076db80000,0x0000000770e77df8,0x0000000771880000)
  from space 10240K, 99% used [0x0000000771a00000,0x00000007723f8060,0x0000000772400000)
  to   space 17920K, 0% used [0x0000000772a00000,0x0000000772a00000,0x0000000773b80000)
 ParOldGen       total 169472K, used 12196K [0x00000006c9200000, 0x00000006d3780000, 0x000000076db80000)
  object space 169472K, 7% used [0x00000006c9200000,0x00000006c9de9050,0x00000006d3780000)
 Metaspace       used 18630K, capacity 19182K, committed 19328K, reserved 1067008K
  class space    used 2228K, capacity 2369K, committed 2432K, reserved 1048576K
GC Heap History (10 events):
Event: 0.979 GC heap before
{Heap before GC invocations=1 (full 0):
 PSYoungGen      total 74240K, used 64000K [0x000000076db80000, 0x0000000772e00000, 0x00000007c0000000)
  eden space 64000K, 100% used [0x000000076db80000,0x0000000771a00000,0x0000000771a00000)
  from space 10240K, 0% used [0x0000000772400000,0x0000000772400000,0x0000000772e00000)
  to   space 10240K, 0% used [0x0000000771a00000,0x0000000771a00000,0x0000000772400000)
 ParOldGen       total 169472K, used 0K [0x00000006c9200000, 0x00000006d3780000, 0x000000076db80000)
  object space 169472K, 0% used [0x00000006c9200000,0x00000006c9200000,0x00000006d3780000)
 Metaspace       used 11210K, capacity 11394K, committed 11520K, reserved 1058816K
  class space    used 1389K, capacity 1475K, committed 1536K, reserved 1048576K
Event: 0.987 GC heap after
Heap after GC invocations=1 (full 0):
 PSYoungGen      total 74240K, used 9433K [0x000000076db80000, 0x0000000772e00000, 0x00000007c0000000)
  eden space 64000K, 0% used [0x000000076db80000,0x000000076db80000,0x0000000771a00000)
  from space 10240K, 92% used [0x0000000771a00000,0x00000007723364a8,0x0000000772400000)
  to   space 10240K, 0% used [0x0000000772400000,0x0000000772400000,0x0000000772e00000)
 ParOldGen       total 169472K, used 16K [0x00000006c9200000, 0x00000006d3780000, 0x000000076db80000)
  object space 169472K, 0% used [0x00000006c9200000,0x00000006c9204000,0x00000006d3780000)
 Metaspace       used 11210K, capacity 11394K, committed 11520K, reserved 1058816K
  class space    used 1389K, capacity 1475K, committed 1536K, reserved 1048576K
}
Event: 2.206 GC heap before
{Heap before GC invocations=2 (full 0):
 PSYoungGen      total 74240K, used 73433K [0x000000076db80000, 0x0000000772e00000, 0x00000007c0000000)
  eden space 64000K, 100% used [0x000000076db80000,0x0000000771a00000,0x0000000771a00000)
  from space 10240K, 92% used [0x0000000771a00000,0x00000007723364a8,0x0000000772400000)
  to   space 10240K, 0% used [0x0000000772400000,0x0000000772400000,0x0000000772e00000)
 ParOldGen       total 169472K, used 16K [0x00000006c9200000, 0x00000006d3780000, 0x000000076db80000)
  object space 169472K, 0% used [0x00000006c9200000,0x00000006c9204000,0x00000006d3780000)
 Metaspace       used 14947K, capacity 15174K, committed 15360K, reserved 1062912K
  class space    used 1829K, capacity 1945K, committed 2048K, reserved 1048576K
Event: 2.216 GC heap after
Heap after GC invocations=2 (full 0):
 PSYoungGen      total 74240K, used 8921K [0x000000076db80000, 0x0000000772e00000, 0x00000007c0000000)
  eden space 64000K, 0% used [0x000000076db80000,0x000000076db80000,0x0000000771a00000)
  from space 10240K, 87% used [0x0000000772400000,0x0000000772cb6610,0x0000000772e00000)
  to   space 10240K, 0% used [0x0000000771a00000,0x0000000771a00000,0x0000000772400000)
 ParOldGen       total 169472K, used 24K [0x00000006c9200000, 0x00000006d3780000, 0x000000076db80000)
  object space 169472K, 0% used [0x00000006c9200000,0x00000006c9206000,0x00000006d3780000)
 Metaspace       used 14947K, capacity 15174K, committed 15360K, reserved 1062912K
  class space    used 1829K, capacity 1945K, committed 2048K, reserved 1048576K
}
Event: 3.360 GC heap before
{Heap before GC invocations=3 (full 0):
 PSYoungGen      total 74240K, used 72921K [0x000000076db80000, 0x0000000772e00000, 0x00000007c0000000)
  eden space 64000K, 100% used [0x000000076db80000,0x0000000771a00000,0x0000000771a00000)
  from space 10240K, 87% used [0x0000000772400000,0x0000000772cb6610,0x0000000772e00000)
  to   space 10240K, 0% used [0x0000000771a00000,0x0000000771a00000,0x0000000772400000)
 ParOldGen       total 169472K, used 24K [0x00000006c9200000, 0x00000006d3780000, 0x000000076db80000)
  object space 169472K, 0% used [0x00000006c9200000,0x00000006c9206000,0x00000006d3780000)
 Metaspace       used 15340K, capacity 15652K, committed 15872K, reserved 1062912K
  class space    used 1833K, capacity 1950K, committed 2048K, reserved 1048576K
Event: 3.367 GC heap after
Heap after GC invocations=3 (full 0):
 PSYoungGen      total 74240K, used 9296K [0x000000076db80000, 0x0000000772e00000, 0x00000007c0000000)
  eden space 64000K, 0% used [0x000000076db80000,0x000000076db80000,0x0000000771a00000)
  from space 10240K, 90% used [0x0000000771a00000,0x0000000772314010,0x0000000772400000)
  to   space 10240K, 0% used [0x0000000772400000,0x0000000772400000,0x0000000772e00000)
 ParOldGen       total 169472K, used 32K [0x00000006c9200000, 0x00000006d3780000, 0x000000076db80000)
  object space 169472K, 0% used [0x00000006c9200000,0x00000006c9208000,0x00000006d3780000)
 Metaspace       used 15340K, capacity 15652K, committed 15872K, reserved 1062912K
  class space    used 1833K, capacity 1950K, committed 2048K, reserved 1048576K
}
Event: 4.961 GC heap before
{Heap before GC invocations=4 (full 0):
 PSYoungGen      total 74240K, used 73296K [0x000000076db80000, 0x0000000772e00000, 0x00000007c0000000)
  eden space 64000K, 100% used [0x000000076db80000,0x0000000771a00000,0x0000000771a00000)
  from space 10240K, 90% used [0x0000000771a00000,0x0000000772314010,0x0000000772400000)
  to   space 10240K, 0% used [0x0000000772400000,0x0000000772400000,0x0000000772e00000)
 ParOldGen       total 169472K, used 32K [0x00000006c9200000, 0x00000006d3780000, 0x000000076db80000)
  object space 169472K, 0% used [0x00000006c9200000,0x00000006c9208000,0x00000006d3780000)
 Metaspace       used 16739K, capacity 17040K, committed 17280K, reserved 1064960K
  class space    used 2028K, capacity 2158K, committed 2176K, reserved 1048576K
Event: 4.980 GC heap after
Heap after GC invocations=4 (full 0):
 PSYoungGen      total 74240K, used 10208K [0x000000076db80000, 0x0000000772e00000, 0x00000007c0000000)
  eden space 64000K, 0% used [0x000000076db80000,0x000000076db80000,0x0000000771a00000)
  from space 10240K, 99% used [0x0000000772400000,0x0000000772df8020,0x0000000772e00000)
  to   space 10240K, 0% used [0x0000000771a00000,0x0000000771a00000,0x0000000772400000)
 ParOldGen       total 169472K, used 7948K [0x00000006c9200000, 0x00000006d3780000, 0x000000076db80000)
  object space 169472K, 4% used [0x00000006c9200000,0x00000006c99c3358,0x00000006d3780000)
 Metaspace       used 16739K, capacity 17040K, committed 17280K, reserved 1064960K
  class space    used 2028K, capacity 2158K, committed 2176K, reserved 1048576K
}
Event: 6.387 GC heap before
{Heap before GC invocations=5 (full 0):
 PSYoungGen      total 74240K, used 74208K [0x000000076db80000, 0x0000000772e00000, 0x00000007c0000000)
  eden space 64000K, 100% used [0x000000076db80000,0x0000000771a00000,0x0000000771a00000)
  from space 10240K, 99% used [0x0000000772400000,0x0000000772df8020,0x0000000772e00000)
  to   space 10240K, 0% used [0x0000000771a00000,0x0000000771a00000,0x0000000772400000)
 ParOldGen       total 169472K, used 7948K [0x00000006c9200000, 0x00000006d3780000, 0x000000076db80000)
  object space 169472K, 4% used [0x00000006c9200000,0x00000006c99c3358,0x00000006d3780000)
 Metaspace       used 17356K, capacity 17734K, committed 17920K, reserved 1064960K
  class space    used 2082K, capacity 2193K, committed 2304K, reserved 1048576K
Event: 6.399 GC heap after
Heap after GC invocations=5 (full 0):
 PSYoungGen      total 72704K, used 10208K [0x000000076db80000, 0x0000000773b80000, 0x00000007c0000000)
  eden space 62464K, 0% used [0x000000076db80000,0x000000076db80000,0x0000000771880000)
  from space 10240K, 99% used [0x0000000771a00000,0x00000007723f8060,0x0000000772400000)
  to   space 17920K, 0% used [0x0000000772a00000,0x0000000772a00000,0x0000000773b80000)
 ParOldGen       total 169472K, used 12196K [0x00000006c9200000, 0x00000006d3780000, 0x000000076db80000)
  object space 169472K, 7% used [0x00000006c9200000,0x00000006c9de9050,0x00000006d3780000)
 Metaspace       used 17356K, capacity 17734K, committed 17920K, reserved 1064960K
  class space    used 2082K, capacity 2193K, committed 2304K, reserved 1048576K
}

