# JRE version: Java(TM) SE Runtime Environment (8.0_121-b13) (build 1.8.0_121-b13)
# Java VM: Java HotSpot(TM) 64-Bit Server VM (25.121-b13 mixed mode windows-amd64 compressed oops)
Heap:
 PSYoungGen      total 132096K, used 90141K [0x000000076db80000, 0x0000000777100000, 0x00000007c0000000)
  eden space 117248K, 69% used [0x000000076db80000,0x0000000772af8030,0x0000000774e00000)
  from space 14848K, 59% used [0x0000000776280000,0x0000000776b0f6d8,0x0000000777100000)
  to   space 17920K, 0% used [0x0000000774e00000,0x0000000774e00000,0x0000000775f80000)
 ParOldGen       total 119808K, used 18449K [0x00000006c9200000, 0x00000006d0700000, 0x000000076db80000)
  object space 119808K, 15% used [0x00000006c9200000,0x00000006ca404648,0x00000006d0700000)
 Metaspace       used 27281K, capacity 28280K, committed 28416K, reserved 1075200K
  class space    used 3304K, capacity 3520K, committed 3584K, reserved 1048576K
GC Heap History (10 events):
Event: 12.672 GC heap before
{Heap before GC invocations=7 (full 1):
 PSYoungGen      total 77824K, used 14026K [0x000000076db80000, 0x0000000773b00000, 0x00000007c0000000)
  eden space 60928K, 0% used [0x000000076db80000,0x000000076db80000,0x0000000771700000)
  from space 16896K, 83% used [0x0000000772a80000,0x00000007738329d0,0x0000000773b00000)
  to   space 18432K, 0% used [0x0000000771700000,0x0000000771700000,0x0000000772900000)
 ParOldGen       total 169472K, used 12347K [0x00000006c9200000, 0x00000006d3780000, 0x000000076db80000)
  object space 169472K, 7% used [0x00000006c9200000,0x00000006c9e0ef98,0x00000006d3780000)
 Metaspace       used 20531K, capacity 21200K, committed 21296K, reserved 1069056K
  class space    used 2494K, capacity 2666K, committed 2688K, reserved 1048576K
Event: 12.752 GC heap after
Heap after GC invocations=7 (full 1):
 PSYoungGen      total 77824K, used 0K [0x000000076db80000, 0x0000000773b00000, 0x00000007c0000000)
  eden space 60928K, 0% used [0x000000076db80000,0x000000076db80000,0x0000000771700000)
  from space 16896K, 0% used [0x0000000772a80000,0x0000000772a80000,0x0000000773b00000)
  to   space 18432K, 0% used [0x0000000771700000,0x0000000771700000,0x0000000772900000)
 ParOldGen       total 119808K, used 18425K [0x00000006c9200000, 0x00000006d0700000, 0x000000076db80000)
  object space 119808K, 15% used [0x00000006c9200000,0x00000006ca3fe648,0x00000006d0700000)
 Metaspace       used 20531K, capacity 21200K, committed 21296K, reserved 1069056K
  class space    used 2494K, capacity 2666K, committed 2688K, reserved 1048576K
}
Event: 15.140 GC heap before
{Heap before GC invocations=8 (full 1):
 PSYoungGen      total 77824K, used 60928K [0x000000076db80000, 0x0000000773b00000, 0x00000007c0000000)
  eden space 60928K, 100% used [0x000000076db80000,0x0000000771700000,0x0000000771700000)
  from space 16896K, 0% used [0x0000000772a80000,0x0000000772a80000,0x0000000773b00000)
  to   space 18432K, 0% used [0x0000000771700000,0x0000000771700000,0x0000000772900000)
 ParOldGen       total 119808K, used 18425K [0x00000006c9200000, 0x00000006d0700000, 0x000000076db80000)
  object space 119808K, 15% used [0x00000006c9200000,0x00000006ca3fe648,0x00000006d0700000)
 Metaspace       used 20664K, capacity 21396K, committed 21552K, reserved 1069056K
  class space    used 2500K, capacity 2668K, committed 2688K, reserved 1048576K
Event: 15.144 GC heap after
Heap after GC invocations=8 (full 1):
 PSYoungGen      total 79360K, used 4320K [0x000000076db80000, 0x0000000775980000, 0x00000007c0000000)
  eden space 60928K, 0% used [0x000000076db80000,0x000000076db80000,0x0000000771700000)
  from space 18432K, 23% used [0x0000000771700000,0x0000000771b38000,0x0000000772900000)
  to   space 19456K, 0% used [0x0000000774680000,0x0000000774680000,0x0000000775980000)
 ParOldGen       total 119808K, used 18433K [0x00000006c9200000, 0x00000006d0700000, 0x000000076db80000)
  object space 119808K, 15% used [0x00000006c9200000,0x00000006ca400648,0x00000006d0700000)
 Metaspace       used 20664K, capacity 21396K, committed 21552K, reserved 1069056K
  class space    used 2500K, capacity 2668K, committed 2688K, reserved 1048576K
}
Event: 16.586 GC heap before
{Heap before GC invocations=9 (full 1):
 PSYoungGen      total 79360K, used 65248K [0x000000076db80000, 0x0000000775980000, 0x00000007c0000000)
  eden space 60928K, 100% used [0x000000076db80000,0x0000000771700000,0x0000000771700000)
  from space 18432K, 23% used [0x0000000771700000,0x0000000771b38000,0x0000000772900000)
  to   space 19456K, 0% used [0x0000000774680000,0x0000000774680000,0x0000000775980000)
 ParOldGen       total 119808K, used 18433K [0x00000006c9200000, 0x00000006d0700000, 0x000000076db80000)
  object space 119808K, 15% used [0x00000006c9200000,0x00000006ca400648,0x00000006d0700000)
 Metaspace       used 20904K, capacity 21636K, committed 21936K, reserved 1069056K
  class space    used 2532K, capacity 2694K, committed 2816K, reserved 1048576K
Event: 16.595 GC heap after
Heap after GC invocations=9 (full 1):
 PSYoungGen      total 109568K, used 6944K [0x000000076db80000, 0x0000000775a00000, 0x00000007c0000000)
  eden space 90112K, 0% used [0x000000076db80000,0x000000076db80000,0x0000000773380000)
  from space 19456K, 35% used [0x0000000774680000,0x0000000774d48000,0x0000000775980000)
  to   space 19456K, 0% used [0x0000000773380000,0x0000000773380000,0x0000000774680000)
 ParOldGen       total 119808K, used 18433K [0x00000006c9200000, 0x00000006d0700000, 0x000000076db80000)
  object space 119808K, 15% used [0x00000006c9200000,0x00000006ca400648,0x00000006d0700000)
 Metaspace       used 20904K, capacity 21636K, committed 21936K, reserved 1069056K
  class space    used 2532K, capacity 2694K, committed 2816K, reserved 1048576K
}
Event: 18.621 GC heap before
{Heap before GC invocations=10 (full 1):
 PSYoungGen      total 109568K, used 97056K [0x000000076db80000, 0x0000000775a00000, 0x00000007c0000000)
  eden space 90112K, 100% used [0x000000076db80000,0x0000000773380000,0x0000000773380000)
  from space 19456K, 35% used [0x0000000774680000,0x0000000774d48000,0x0000000775980000)
  to   space 19456K, 0% used [0x0000000773380000,0x0000000773380000,0x0000000774680000)
 ParOldGen       total 119808K, used 18433K [0x00000006c9200000, 0x00000006d0700000, 0x000000076db80000)
  object space 119808K, 15% used [0x00000006c9200000,0x00000006ca400648,0x00000006d0700000)
 Metaspace       used 20985K, capacity 21782K, committed 21936K, reserved 1069056K
  class space    used 2534K, capacity 2697K, committed 2816K, reserved 1048576K
Event: 18.645 GC heap after
Heap after GC invocations=10 (full 1):
 PSYoungGen      total 109568K, used 11104K [0x000000076db80000, 0x0000000777480000, 0x00000007c0000000)
  eden space 90112K, 0% used [0x000000076db80000,0x000000076db80000,0x0000000773380000)
  from space 19456K, 57% used [0x0000000773380000,0x0000000773e58000,0x0000000774680000)
  to   space 18432K, 0% used [0x0000000776280000,0x0000000776280000,0x0000000777480000)
 ParOldGen       total 119808K, used 18441K [0x00000006c9200000, 0x00000006d0700000, 0x000000076db80000)
  object space 119808K, 15% used [0x00000006c9200000,0x00000006ca402648,0x00000006d0700000)
 Metaspace       used 20985K, capacity 21782K, committed 21936K, reserved 1069056K
  class space    used 2534K, capacity 2697K, committed 2816K, reserved 1048576K
}
Event: 22.956 GC heap before
{Heap before GC invocations=11 (full 1):
 PSYoungGen      total 109568K, used 101216K [0x000000076db80000, 0x0000000777480000, 0x00000007c0000000)
  eden space 90112K, 100% used [0x000000076db80000,0x0000000773380000,0x0000000773380000)
  from space 19456K, 57% used [0x0000000773380000,0x0000000773e58000,0x0000000774680000)
  to   space 18432K, 0% used [0x0000000776280000,0x0000000776280000,0x0000000777480000)
 ParOldGen       total 119808K, used 18441K [0x00000006c9200000, 0x00000006d0700000, 0x000000076db80000)
  object space 119808K, 15% used [0x00000006c9200000,0x00000006ca402648,0x00000006d0700000)
 Metaspace       used 22293K, capacity 23230K, committed 23344K, reserved 1069056K
  class space    used 2684K, capacity 2885K, committed 2944K, reserved 1048576K
Event: 22.965 GC heap after
Heap after GC invocations=11 (full 1):
 PSYoungGen      total 132096K, used 8765K [0x000000076db80000, 0x0000000777100000, 0x00000007c0000000)
  eden space 117248K, 0% used [0x000000076db80000,0x000000076db80000,0x0000000774e00000)
  from space 14848K, 59% used [0x0000000776280000,0x0000000776b0f6d8,0x0000000777100000)
  to   space 17920K, 0% used [0x0000000774e00000,0x0000000774e00000,0x0000000775f80000)
 ParOldGen       total 119808K, used 18449K [0x00000006c9200000, 0x00000006d0700000, 0x000000076db80000)
  object space 119808K, 15% used [0x00000006c9200000,0x00000006ca404648,0x00000006d0700000)
 Metaspace       used 22293K, capacity 23230K, committed 23344K, reserved 1069056K
  class space    used 2684K, capacity 2885K, committed 2944K, reserved 1048576K
}

